#
# There is insufficient memory for the Java Runtime Environment to continue.
# Native memory allocation (mmap) failed to map 266338304 bytes for Failed to commit area from 0x0000000703200000 to 0x0000000713000000 of length 266338304.
# Possible reasons:
#   The system is out of physical RAM or swap space
#   The process is running with CompressedOops enabled, and the Java Heap may be blocking the growth of the native heap
# Possible solutions:
#   Reduce memory load on the system
#   Increase physical memory or swap space
#   Check if swap backing store is full
#   Decrease Java heap size (-Xmx/-Xms)
#   Decrease number of Java threads
#   Decrease Java thread stack sizes (-Xss)
#   Set larger code cache with -XX:ReservedCodeCacheSize=
# This output file may be truncated or incomplete.
#
#  Out of Memory Error (t:/workspace/open/src/hotspot/os/windows/os_windows.cpp:3264), pid=12540, tid=18948
#
# JRE version:  (12.0.2+10) (build )
# Java VM: Java HotSpot(TM) 64-Bit Server VM (12.0.2+10, mixed mode, aot, sharing, tiered, compressed oops, g1 gc, windows-amd64)
# No core dump will be written. Minidumps are not enabled by default on client versions of Windows
#

---------------  S U M M A R Y ------------

Command Line: -Dfile.encoding=UTF-8 icai.dtc.isw.gui.ScreenViewProfile

Host: Intel(R) Core(TM) i5-6300HQ CPU @ 2.30GHz, 4 cores, 15G,  Windows 10 , 64 bit Build 18362 (10.0.18362.329)
Time: Tue Nov 26 22:08:28 2019 Hora estándar romance elapsed time: 0 seconds (0d 0h 0m 0s)

---------------  T H R E A D  ---------------

Current thread (0x000001dd0d798800):  JavaThread "Unknown thread" [_thread_in_vm, id=18948, stack(0x00000046c4b00000,0x00000046c4c00000)]

Stack: [0x00000046c4b00000,0x00000046c4c00000]
Native frames: (J=compiled Java code, j=interpreted, Vv=VM code, C=native code)
V  [jvm.dll+0x63aa2a]
V  [jvm.dll+0x78ce1e]
V  [jvm.dll+0x78e4c1]
V  [jvm.dll+0x78eb13]
V  [jvm.dll+0x2627e8]
V  [jvm.dll+0x637f5a]
V  [jvm.dll+0x62c845]
V  [jvm.dll+0x31e49c]
V  [jvm.dll+0x31e2cf]
V  [jvm.dll+0x324006]
V  [jvm.dll+0x371f56]
V  [jvm.dll+0x371720]
V  [jvm.dll+0x2f845a]
V  [jvm.dll+0x2f96d2]
V  [jvm.dll+0x767267]
V  [jvm.dll+0x7689f5]
V  [jvm.dll+0x380059]
V  [jvm.dll+0x74b794]
V  [jvm.dll+0x3ef5cd]
V  [jvm.dll+0x3f1471]
C  [jli.dll+0x51cf]
C  [ucrtbase.dll+0x20e72]
C  [KERNEL32.DLL+0x17bd4]
C  [ntdll.dll+0x6ced1]


---------------  P R O C E S S  ---------------

Threads class SMR info:
_java_thread_list=0x00007ffc2f727928, length=0, elements={
}

Java Threads: ( => current thread )

Other Threads:
  0x000001dd0d7fe000 GCTaskThread "GC Thread#0" [stack: 0x00000046c4c00000,0x00000046c4d00000] [id=1092]
  0x000001dd0d817800 ConcurrentGCThread "G1 Main Marker" [stack: 0x00000046c4d00000,0x00000046c4e00000] [id=3940]
  0x000001dd0d81b000 ConcurrentGCThread "G1 Conc#0" [stack: 0x00000046c4e00000,0x00000046c4f00000] [id=24364]

[error occurred during error reporting (printing all threads), id 0xc0000005, EXCEPTION_ACCESS_VIOLATION (0xc0000005) at pc=0x00007ffc2ef585e7]

VM state:not at safepoint (not fully initialized)

VM Mutex/Monitor currently owned by a thread:  ([mutex/lock_event])
[0x000001dd0d794c70] Heap_lock - owner thread: 0x000001dd0d798800

Heap address: 0x0000000703200000, size: 4046 MB, Compressed Oops mode: Non-zero based: 0x0000000703200000
Narrow klass base: 0x0000000000000000, Narrow klass shift: 0

GC Heap History (0 events):
No events

Deoptimization events (0 events):
No events

Classes redefined (0 events):
No events

Internal exceptions (0 events):
No events

Events (0 events):
No events


Dynamic libraries:
0x00007ff616d00000 - 0x00007ff616d0f000 	C:\Program Files\Java\jdk-12.0.2\bin\java.exe
0x00007ffc7ae60000 - 0x00007ffc7b050000 	C:\WINDOWS\SYSTEM32\ntdll.dll
0x00007ffc790e0000 - 0x00007ffc79192000 	C:\WINDOWS\System32\KERNEL32.DLL
0x00007ffc780e0000 - 0x00007ffc78383000 	C:\WINDOWS\System32\KERNELBASE.dll
0x00007ffc78c70000 - 0x00007ffc78d6a000 	C:\WINDOWS\System32\ucrtbase.dll
0x00007ffc58b60000 - 0x00007ffc58b76000 	C:\Program Files\Java\jdk-12.0.2\bin\VCRUNTIME140.dll
0x00007ffc5f550000 - 0x00007ffc5f568000 	C:\Program Files\Java\jdk-12.0.2\bin\jli.dll
0x00007ffc7ab50000 - 0x00007ffc7abf3000 	C:\WINDOWS\System32\ADVAPI32.dll
0x00007ffc78f90000 - 0x00007ffc7902e000 	C:\WINDOWS\System32\msvcrt.dll
0x00007ffc793c0000 - 0x00007ffc79457000 	C:\WINDOWS\System32\sechost.dll
0x00007ffc797f0000 - 0x00007ffc79910000 	C:\WINDOWS\System32\RPCRT4.dll
0x00007ffc7a0c0000 - 0x00007ffc7a254000 	C:\WINDOWS\System32\USER32.dll
0x00007ffc77ec0000 - 0x00007ffc77ee1000 	C:\WINDOWS\System32\win32u.dll
0x00007ffc60c20000 - 0x00007ffc60ea5000 	C:\WINDOWS\WinSxS\amd64_microsoft.windows.common-controls_6595b64144ccf1df_6.0.18362.476_none_e6c4b11b130f2595\COMCTL32.dll
0x00007ffc79970000 - 0x00007ffc79996000 	C:\WINDOWS\System32\GDI32.dll
0x00007ffc7a810000 - 0x00007ffc7ab46000 	C:\WINDOWS\System32\combase.dll
0x00007ffc78d70000 - 0x00007ffc78f04000 	C:\WINDOWS\System32\gdi32full.dll
0x00007ffc78bc0000 - 0x00007ffc78c40000 	C:\WINDOWS\System32\bcryptPrimitives.dll
0x00007ffc78040000 - 0x00007ffc780de000 	C:\WINDOWS\System32\msvcp_win.dll
0x00007ffc6ef90000 - 0x00007ffc6ef9a000 	C:\WINDOWS\SYSTEM32\VERSION.dll
0x00007ffc79600000 - 0x00007ffc7962e000 	C:\WINDOWS\System32\IMM32.DLL
0x00007ffc58ab0000 - 0x00007ffc58b5a000 	C:\Program Files\Java\jdk-12.0.2\bin\msvcp140.dll
0x00007ffc2ec50000 - 0x00007ffc2f7c7000 	C:\Program Files\Java\jdk-12.0.2\bin\server\jvm.dll
0x00007ffc79250000 - 0x00007ffc79258000 	C:\WINDOWS\System32\PSAPI.DLL
0x00007ffc6ee90000 - 0x00007ffc6eeb4000 	C:\WINDOWS\SYSTEM32\WINMM.dll
0x00007ffc5cc60000 - 0x00007ffc5cc69000 	C:\WINDOWS\SYSTEM32\WSOCK32.dll
0x00007ffc79700000 - 0x00007ffc7976f000 	C:\WINDOWS\System32\WS2_32.dll
0x00007ffc6ee60000 - 0x00007ffc6ee8d000 	C:\WINDOWS\SYSTEM32\WINMMBASE.dll
0x00007ffc77e10000 - 0x00007ffc77e5a000 	C:\WINDOWS\System32\cfgmgr32.dll
0x00007ffc77dd0000 - 0x00007ffc77de1000 	C:\WINDOWS\System32\kernel.appcore.dll
0x00007ffc58a50000 - 0x00007ffc58a61000 	C:\Program Files\Java\jdk-12.0.2\bin\verify.dll
0x00007ffc764e0000 - 0x00007ffc766d4000 	C:\WINDOWS\SYSTEM32\DBGHELP.DLL
0x00007ffc6b970000 - 0x00007ffc6b99a000 	C:\WINDOWS\SYSTEM32\dbgcore.DLL
0x00007ffc58a20000 - 0x00007ffc58a46000 	C:\Program Files\Java\jdk-12.0.2\bin\java.dll
0x00007ffc58910000 - 0x00007ffc58927000 	C:\Program Files\Java\jdk-12.0.2\bin\zip.dll
0x00007ffc73000000 - 0x00007ffc7300a000 	C:\Program Files\Java\jdk-12.0.2\bin\jimage.dll

dbghelp: loaded successfully - version: 4.0.5 - missing functions: none
symbol engine: initialized successfully - sym options: 0x614 - pdb path: .;C:\Program Files\Java\jdk-12.0.2\bin;C:\WINDOWS\SYSTEM32;C:\WINDOWS\WinSxS\amd64_microsoft.windows.common-controls_6595b64144ccf1df_6.0.18362.476_none_e6c4b11b130f2595;C:\Program Files\Java\jdk-12.0.2\bin\server

VM Arguments:
jvm_args: -Dfile.encoding=UTF-8 
java_command: icai.dtc.isw.gui.ScreenViewProfile
java_class_path (initial): C:\Users\Maroa\AppData\Local\Temp\cp_3mv4o62k5fkffdxfk85w8kiv.jar
Launcher Type: SUN_STANDARD

[Global flags]
     intx CICompilerCount                          = 3                                         {product} {ergonomic}
     uint ConcGCThreads                            = 1                                         {product} {ergonomic}
     uint G1ConcRefinementThreads                  = 4                                         {product} {ergonomic}
   size_t G1HeapRegionSize                         = 1048576                                   {product} {ergonomic}
    uintx GCDrainStackTargetSize                   = 64                                        {product} {ergonomic}
   size_t InitialHeapSize                          = 266338304                                 {product} {ergonomic}
   size_t MarkStackSize                            = 4194304                                   {product} {ergonomic}
   size_t MaxHeapSize                              = 4242538496                                {product} {ergonomic}
   size_t MinHeapDeltaBytes                        = 1048576                                   {product} {ergonomic}
    uintx NonNMethodCodeHeapSize                   = 5830732                                {pd product} {ergonomic}
    uintx NonProfiledCodeHeapSize                  = 122913754                              {pd product} {ergonomic}
    uintx ProfiledCodeHeapSize                     = 122913754                              {pd product} {ergonomic}
    uintx ReservedCodeCacheSize                    = 251658240                              {pd product} {ergonomic}
     bool SegmentedCodeCache                       = true                                      {product} {ergonomic}
     bool UseCompressedClassPointers               = true                                 {lp64_product} {ergonomic}
     bool UseCompressedOops                        = true                                 {lp64_product} {ergonomic}
     bool UseG1GC                                  = true                                      {product} {ergonomic}
     bool UseLargePagesIndividualAllocation        = false                                  {pd product} {ergonomic}

Logging:
Log output configuration:
 #0: stdout all=warning uptime,level,tags
 #1: stderr all=off uptime,level,tags

Environment Variables:
CLASSPATH=.;C:\Program Files\Java\jdk-12.0.2\bin;C:\PROGRA~1\IBM\SQLLIB\java\DB2JCC~1.JAR;
PATH=C:\Program Files\Java\jdk-12.0.2\bin;C:\Program Files\Java\jdk-11.0.4\bin;C:\Program Files\Java\jre1.8.0_191\bin;C:\Program Files\Java\jdk1.8.0_191\bin;C:\Program Files (x86)\Intel\iCLS Client\;C:\Program Files\Intel\iCLS Client\;C:\Windows\system32;C:\Windows;C:\Windows\System32\Wbem;C:\Windows\System32\WindowsPowerShell\v1.0\;C:\Program Files (x86)\Intel\Intel(R) Management Engine Components\DAL;C:\Program Files\Intel\Intel(R) Management Engine Components\DAL;C:\Program Files (x86)\Intel\Intel(R) Management Engine Components\IPT;C:\Program Files\Intel\Intel(R) Management Engine Components\IPT;C:\Program Files (x86)\NVIDIA Corporation\PhysX\Common;C:\Program Files\Intel\WiFi\bin\;C:\Program Files\Common Files\Intel\WirelessCommon\;C:\Program Files\MATLAB\R2017a\bin;C:\MinGWStudio;C:\MinGWStudio\MinGW\bin;C:\MinGWStudio\MinGW\lib\gcc\mingw32\3.4.2;C:\TDM-GCC-64\bin;C:\WINDOWS\system32;C:\WINDOWS;C:\WINDOWS\System32\Wbem;C:\WINDOWS\System32\WindowsPowerShell\v1.0\;C:\Intel Altera\quartus\bin;C:\Program Files\ibm\gsk8\lib64;C:\Program Files (x86)\ibm\gsk8\lib;C:\Program Files\dotnet\;C:\WINDOWS\System32\OpenSSH\;C:\Users\Maroa\AppData\Local\Programs\Python\Python37\Scripts\;C:\Users\Maroa\AppData\Local\Programs\Python\Python37\;C:\Users\Maroa\AppData\Local\Microsoft\WindowsApps;C:\Program Files\IBM\SQLLIB;C:\MinGW\bin;C:\Windows\Microsoft.NET\Framework\v4.0.30319;C:\Users\Maroa\AppData\Local\GitHubDesktop\bin;C:\Users\Maroa\AppData\Local\atom\bin;C:\Users\Maroa\AppData\Local\Microsoft\WindowsApps;C:\Users\Maroa\AppData\Local\Programs\Microsoft VS Code\bin;C:\Users\Maroa\AppData\Local\Programs\Git\cmd
USERNAME=Maroa
OS=Windows_NT
PROCESSOR_IDENTIFIER=Intel64 Family 6 Model 94 Stepping 3, GenuineIntel



---------------  S Y S T E M  ---------------

OS: Windows 10 , 64 bit Build 18362 (10.0.18362.329)

CPU:total 4 (initial active 4) (4 cores per cpu, 1 threads per core) family 6 model 94 stepping 3, cmov, cx8, fxsr, mmx, sse, sse2, sse3, ssse3, sse4.1, sse4.2, popcnt, avx, avx2, aes, clmul, erms, rtm, 3dnowpref, lzcnt, tsc, tscinvbit, bmi1, bmi2, adx, fma

Memory: 4k page, system-wide physical 16178M (6375M free)
TotalPageFile size 41630M (AvailPageFile size 86M)
current process WorkingSet (physical memory assigned to process): 10M, peak: 10M
current process commit charge ("private bytes"): 52M, peak: 306M

vm_info: Java HotSpot(TM) 64-Bit Server VM (12.0.2+10) for windows-amd64 JRE (12.0.2+10), built on Jul 16 2019 01:56:17 by "mach5one" with MS VC++ 15.5 (VS2017)

END.
