2019-10-31 15:04:11,638 [Worker-8: Loading available Gradle versions] INFO  o.e.b.c.i.u.g.PublishedGradleVersions - Gradle version information cache is up-to-date. Trying to read.
2019-10-31 23:03:22,839 [Worker-12: Loading available Gradle versions] INFO  o.e.b.c.i.u.g.PublishedGradleVersions - Gradle version information cache is up-to-date. Trying to read.
2019-11-23 14:08:29,611 [Worker-6: Loading available Gradle versions] INFO  o.e.b.c.i.u.g.PublishedGradleVersions - Gradle version information cache is out-of-date. Trying to update.
2019-11-23 14:08:54,715 [Worker-8: Building workspace] INFO  o.e.m.c.i.l.LifecycleMappingFactory - Using org.eclipse.m2e.jdt.JarLifecycleMapping lifecycle mapping for MavenProject: projectISW19:projectISW19:0.0.1-SNAPSHOT @ C:\Users\oleob\OneDrive\Documents\ISW\Kosmetics_Team\projectISW19\pom.xml.
2019-11-23 14:08:56,860 [Worker-8: Building workspace] WARN  o.e.m.c.i.embedder.EclipseLogger - Using platform encoding (Cp1252 actually) to copy filtered resources, i.e. build is platform dependent!
2019-11-23 14:08:56,869 [Worker-8: Building workspace] INFO  o.e.m.c.i.embedder.EclipseLogger - skip non existing resourceDirectory C:\Users\oleob\OneDrive\Documents\ISW\Kosmetics_Team\projectISW19\src\main\resources
2019-11-23 14:08:56,872 [Worker-8: Building workspace] WARN  o.e.m.c.i.embedder.EclipseLogger - Using platform encoding (Cp1252 actually) to copy filtered resources, i.e. build is platform dependent!
2019-11-23 14:08:56,882 [Worker-8: Building workspace] INFO  o.e.m.c.i.embedder.EclipseLogger - skip non existing resourceDirectory C:\Users\oleob\OneDrive\Documents\ISW\Kosmetics_Team\projectISW19\src\test\resources
2019-11-23 14:09:42,533 [Worker-11: Building workspace] WARN  o.e.m.c.i.embedder.EclipseLogger - Using platform encoding (Cp1252 actually) to copy filtered resources, i.e. build is platform dependent!
2019-11-23 14:09:42,544 [Worker-11: Building workspace] INFO  o.e.m.c.i.embedder.EclipseLogger - skip non existing resourceDirectory C:\Users\oleob\OneDrive\Documents\ISW\Kosmetics_Team\projectISW19\src\main\resources
2019-11-23 14:09:42,552 [Worker-11: Building workspace] WARN  o.e.m.c.i.embedder.EclipseLogger - Using platform encoding (Cp1252 actually) to copy filtered resources, i.e. build is platform dependent!
2019-11-23 14:09:42,561 [Worker-11: Building workspace] INFO  o.e.m.c.i.embedder.EclipseLogger - skip non existing resourceDirectory C:\Users\oleob\OneDrive\Documents\ISW\Kosmetics_Team\projectISW19\src\test\resources
2019-11-23 14:13:31,761 [Worker-16: Building workspace] WARN  o.e.m.c.i.embedder.EclipseLogger - Using platform encoding (Cp1252 actually) to copy filtered resources, i.e. build is platform dependent!
2019-11-23 14:13:31,768 [Worker-16: Building workspace] INFO  o.e.m.c.i.embedder.EclipseLogger - skip non existing resourceDirectory C:\Users\oleob\OneDrive\Documents\ISW\Kosmetics_Team\projectISW19\src\main\resources
2019-11-23 14:13:31,769 [Worker-16: Building workspace] WARN  o.e.m.c.i.embedder.EclipseLogger - Using platform encoding (Cp1252 actually) to copy filtered resources, i.e. build is platform dependent!
2019-11-23 14:13:31,777 [Worker-16: Building workspace] INFO  o.e.m.c.i.embedder.EclipseLogger - skip non existing resourceDirectory C:\Users\oleob\OneDrive\Documents\ISW\Kosmetics_Team\projectISW19\src\test\resources
2019-11-23 14:15:35,388 [Worker-18: Building workspace] WARN  o.e.m.c.i.embedder.EclipseLogger - Using platform encoding (Cp1252 actually) to copy filtered resources, i.e. build is platform dependent!
2019-11-23 14:15:35,398 [Worker-18: Building workspace] INFO  o.e.m.c.i.embedder.EclipseLogger - skip non existing resourceDirectory C:\Users\oleob\OneDrive\Documents\ISW\Kosmetics_Team\projectISW19\src\main\resources
2019-11-23 14:15:35,409 [Worker-18: Building workspace] WARN  o.e.m.c.i.embedder.EclipseLogger - Using platform encoding (Cp1252 actually) to copy filtered resources, i.e. build is platform dependent!
2019-11-23 14:15:35,416 [Worker-18: Building workspace] INFO  o.e.m.c.i.embedder.EclipseLogger - skip non existing resourceDirectory C:\Users\oleob\OneDrive\Documents\ISW\Kosmetics_Team\projectISW19\src\test\resources
2019-11-23 14:16:04,956 [Worker-18: Building workspace] WARN  o.e.m.c.i.embedder.EclipseLogger - Using platform encoding (Cp1252 actually) to copy filtered resources, i.e. build is platform dependent!
2019-11-23 14:16:04,963 [Worker-18: Building workspace] INFO  o.e.m.c.i.embedder.EclipseLogger - skip non existing resourceDirectory C:\Users\oleob\OneDrive\Documents\ISW\Kosmetics_Team\projectISW19\src\main\resources
2019-11-23 14:16:04,970 [Worker-18: Building workspace] WARN  o.e.m.c.i.embedder.EclipseLogger - Using platform encoding (Cp1252 actually) to copy filtered resources, i.e. build is platform dependent!
2019-11-23 14:16:04,977 [Worker-18: Building workspace] INFO  o.e.m.c.i.embedder.EclipseLogger - skip non existing resourceDirectory C:\Users\oleob\OneDrive\Documents\ISW\Kosmetics_Team\projectISW19\src\test\resources
2019-11-23 14:16:09,621 [Worker-0: Building workspace] WARN  o.e.m.c.i.embedder.EclipseLogger - Using platform encoding (Cp1252 actually) to copy filtered resources, i.e. build is platform dependent!
2019-11-23 14:16:09,630 [Worker-0: Building workspace] INFO  o.e.m.c.i.embedder.EclipseLogger - skip non existing resourceDirectory C:\Users\oleob\OneDrive\Documents\ISW\Kosmetics_Team\projectISW19\src\main\resources
2019-11-23 14:16:09,639 [Worker-0: Building workspace] WARN  o.e.m.c.i.embedder.EclipseLogger - Using platform encoding (Cp1252 actually) to copy filtered resources, i.e. build is platform dependent!
2019-11-23 14:16:09,646 [Worker-0: Building workspace] INFO  o.e.m.c.i.embedder.EclipseLogger - skip non existing resourceDirectory C:\Users\oleob\OneDrive\Documents\ISW\Kosmetics_Team\projectISW19\src\test\resources
2019-11-23 14:16:46,185 [Worker-16: Building workspace] WARN  o.e.m.c.i.embedder.EclipseLogger - Using platform encoding (Cp1252 actually) to copy filtered resources, i.e. build is platform dependent!
2019-11-23 14:16:46,197 [Worker-16: Building workspace] INFO  o.e.m.c.i.embedder.EclipseLogger - skip non existing resourceDirectory C:\Users\oleob\OneDrive\Documents\ISW\Kosmetics_Team\projectISW19\src\main\resources
2019-11-23 14:16:46,211 [Worker-16: Building workspace] WARN  o.e.m.c.i.embedder.EclipseLogger - Using platform encoding (Cp1252 actually) to copy filtered resources, i.e. build is platform dependent!
2019-11-23 14:16:46,219 [Worker-16: Building workspace] INFO  o.e.m.c.i.embedder.EclipseLogger - skip non existing resourceDirectory C:\Users\oleob\OneDrive\Documents\ISW\Kosmetics_Team\projectISW19\src\test\resources
2019-11-23 14:17:48,884 [Worker-20: Building workspace] WARN  o.e.m.c.i.embedder.EclipseLogger - Using platform encoding (Cp1252 actually) to copy filtered resources, i.e. build is platform dependent!
2019-11-23 14:17:48,890 [Worker-20: Building workspace] INFO  o.e.m.c.i.embedder.EclipseLogger - skip non existing resourceDirectory C:\Users\oleob\OneDrive\Documents\ISW\Kosmetics_Team\projectISW19\src\main\resources
2019-11-23 14:17:48,901 [Worker-20: Building workspace] WARN  o.e.m.c.i.embedder.EclipseLogger - Using platform encoding (Cp1252 actually) to copy filtered resources, i.e. build is platform dependent!
2019-11-23 14:17:48,908 [Worker-20: Building workspace] INFO  o.e.m.c.i.embedder.EclipseLogger - skip non existing resourceDirectory C:\Users\oleob\OneDrive\Documents\ISW\Kosmetics_Team\projectISW19\src\test\resources
2019-11-23 14:19:42,034 [Worker-19: Building workspace] WARN  o.e.m.c.i.embedder.EclipseLogger - Using platform encoding (Cp1252 actually) to copy filtered resources, i.e. build is platform dependent!
2019-11-23 14:19:42,040 [Worker-19: Building workspace] INFO  o.e.m.c.i.embedder.EclipseLogger - skip non existing resourceDirectory C:\Users\oleob\OneDrive\Documents\ISW\Kosmetics_Team\projectISW19\src\main\resources
2019-11-23 14:19:42,047 [Worker-19: Building workspace] WARN  o.e.m.c.i.embedder.EclipseLogger - Using platform encoding (Cp1252 actually) to copy filtered resources, i.e. build is platform dependent!
2019-11-23 14:19:42,056 [Worker-19: Building workspace] INFO  o.e.m.c.i.embedder.EclipseLogger - skip non existing resourceDirectory C:\Users\oleob\OneDrive\Documents\ISW\Kosmetics_Team\projectISW19\src\test\resources
2019-11-23 14:19:58,900 [Worker-18: Building workspace] WARN  o.e.m.c.i.embedder.EclipseLogger - Using platform encoding (Cp1252 actually) to copy filtered resources, i.e. build is platform dependent!
2019-11-23 14:19:58,906 [Worker-18: Building workspace] INFO  o.e.m.c.i.embedder.EclipseLogger - skip non existing resourceDirectory C:\Users\oleob\OneDrive\Documents\ISW\Kosmetics_Team\projectISW19\src\main\resources
2019-11-23 14:19:58,912 [Worker-18: Building workspace] WARN  o.e.m.c.i.embedder.EclipseLogger - Using platform encoding (Cp1252 actually) to copy filtered resources, i.e. build is platform dependent!
2019-11-23 14:19:58,918 [Worker-18: Building workspace] INFO  o.e.m.c.i.embedder.EclipseLogger - skip non existing resourceDirectory C:\Users\oleob\OneDrive\Documents\ISW\Kosmetics_Team\projectISW19\src\test\resources
2019-11-23 14:23:53,213 [Worker-22: Building workspace] WARN  o.e.m.c.i.embedder.EclipseLogger - Using platform encoding (Cp1252 actually) to copy filtered resources, i.e. build is platform dependent!
2019-11-23 14:23:53,219 [Worker-22: Building workspace] INFO  o.e.m.c.i.embedder.EclipseLogger - skip non existing resourceDirectory C:\Users\oleob\OneDrive\Documents\ISW\Kosmetics_Team\projectISW19\src\main\resources
2019-11-23 14:23:53,225 [Worker-22: Building workspace] WARN  o.e.m.c.i.embedder.EclipseLogger - Using platform encoding (Cp1252 actually) to copy filtered resources, i.e. build is platform dependent!
2019-11-23 14:23:53,232 [Worker-22: Building workspace] INFO  o.e.m.c.i.embedder.EclipseLogger - skip non existing resourceDirectory C:\Users\oleob\OneDrive\Documents\ISW\Kosmetics_Team\projectISW19\src\test\resources
2019-11-23 14:25:24,489 [Worker-23: Building workspace] WARN  o.e.m.c.i.embedder.EclipseLogger - Using platform encoding (Cp1252 actually) to copy filtered resources, i.e. build is platform dependent!
2019-11-23 14:25:24,495 [Worker-23: Building workspace] INFO  o.e.m.c.i.embedder.EclipseLogger - skip non existing resourceDirectory C:\Users\oleob\OneDrive\Documents\ISW\Kosmetics_Team\projectISW19\src\main\resources
2019-11-23 14:25:24,501 [Worker-23: Building workspace] WARN  o.e.m.c.i.embedder.EclipseLogger - Using platform encoding (Cp1252 actually) to copy filtered resources, i.e. build is platform dependent!
2019-11-23 14:25:24,508 [Worker-23: Building workspace] INFO  o.e.m.c.i.embedder.EclipseLogger - skip non existing resourceDirectory C:\Users\oleob\OneDrive\Documents\ISW\Kosmetics_Team\projectISW19\src\test\resources
2019-11-23 14:28:04,006 [Worker-26: Building workspace] WARN  o.e.m.c.i.embedder.EclipseLogger - Using platform encoding (Cp1252 actually) to copy filtered resources, i.e. build is platform dependent!
2019-11-23 14:28:04,013 [Worker-26: Building workspace] INFO  o.e.m.c.i.embedder.EclipseLogger - skip non existing resourceDirectory C:\Users\oleob\OneDrive\Documents\ISW\Kosmetics_Team\projectISW19\src\main\resources
2019-11-23 14:28:04,020 [Worker-26: Building workspace] WARN  o.e.m.c.i.embedder.EclipseLogger - Using platform encoding (Cp1252 actually) to copy filtered resources, i.e. build is platform dependent!
2019-11-23 14:28:04,027 [Worker-26: Building workspace] INFO  o.e.m.c.i.embedder.EclipseLogger - skip non existing resourceDirectory C:\Users\oleob\OneDrive\Documents\ISW\Kosmetics_Team\projectISW19\src\test\resources
2019-11-23 14:28:31,269 [Worker-26: Building workspace] WARN  o.e.m.c.i.embedder.EclipseLogger - Using platform encoding (Cp1252 actually) to copy filtered resources, i.e. build is platform dependent!
2019-11-23 14:28:31,276 [Worker-26: Building workspace] INFO  o.e.m.c.i.embedder.EclipseLogger - skip non existing resourceDirectory C:\Users\oleob\OneDrive\Documents\ISW\Kosmetics_Team\projectISW19\src\main\resources
2019-11-23 14:28:31,282 [Worker-26: Building workspace] WARN  o.e.m.c.i.embedder.EclipseLogger - Using platform encoding (Cp1252 actually) to copy filtered resources, i.e. build is platform dependent!
2019-11-23 14:28:31,288 [Worker-26: Building workspace] INFO  o.e.m.c.i.embedder.EclipseLogger - skip non existing resourceDirectory C:\Users\oleob\OneDrive\Documents\ISW\Kosmetics_Team\projectISW19\src\test\resources
2019-11-23 14:29:00,759 [Worker-28: Building workspace] WARN  o.e.m.c.i.embedder.EclipseLogger - Using platform encoding (Cp1252 actually) to copy filtered resources, i.e. build is platform dependent!
2019-11-23 14:29:00,767 [Worker-28: Building workspace] INFO  o.e.m.c.i.embedder.EclipseLogger - skip non existing resourceDirectory C:\Users\oleob\OneDrive\Documents\ISW\Kosmetics_Team\projectISW19\src\main\resources
2019-11-23 14:29:00,780 [Worker-28: Building workspace] WARN  o.e.m.c.i.embedder.EclipseLogger - Using platform encoding (Cp1252 actually) to copy filtered resources, i.e. build is platform dependent!
2019-11-23 14:29:00,792 [Worker-28: Building workspace] INFO  o.e.m.c.i.embedder.EclipseLogger - skip non existing resourceDirectory C:\Users\oleob\OneDrive\Documents\ISW\Kosmetics_Team\projectISW19\src\test\resources
2019-11-23 14:30:35,430 [Worker-30: Building workspace] WARN  o.e.m.c.i.embedder.EclipseLogger - Using platform encoding (Cp1252 actually) to copy filtered resources, i.e. build is platform dependent!
2019-11-23 14:30:35,444 [Worker-30: Building workspace] INFO  o.e.m.c.i.embedder.EclipseLogger - skip non existing resourceDirectory C:\Users\oleob\OneDrive\Documents\ISW\Kosmetics_Team\projectISW19\src\main\resources
2019-11-23 14:30:35,452 [Worker-30: Building workspace] WARN  o.e.m.c.i.embedder.EclipseLogger - Using platform encoding (Cp1252 actually) to copy filtered resources, i.e. build is platform dependent!
2019-11-23 14:30:35,458 [Worker-30: Building workspace] INFO  o.e.m.c.i.embedder.EclipseLogger - skip non existing resourceDirectory C:\Users\oleob\OneDrive\Documents\ISW\Kosmetics_Team\projectISW19\src\test\resources
2019-11-23 14:31:12,497 [Worker-24: Building workspace] WARN  o.e.m.c.i.embedder.EclipseLogger - Using platform encoding (Cp1252 actually) to copy filtered resources, i.e. build is platform dependent!
2019-11-23 14:31:12,503 [Worker-24: Building workspace] INFO  o.e.m.c.i.embedder.EclipseLogger - skip non existing resourceDirectory C:\Users\oleob\OneDrive\Documents\ISW\Kosmetics_Team\projectISW19\src\main\resources
2019-11-23 14:31:12,511 [Worker-24: Building workspace] WARN  o.e.m.c.i.embedder.EclipseLogger - Using platform encoding (Cp1252 actually) to copy filtered resources, i.e. build is platform dependent!
2019-11-23 14:31:12,520 [Worker-24: Building workspace] INFO  o.e.m.c.i.embedder.EclipseLogger - skip non existing resourceDirectory C:\Users\oleob\OneDrive\Documents\ISW\Kosmetics_Team\projectISW19\src\test\resources
2019-11-23 14:33:16,095 [Worker-23: Building workspace] WARN  o.e.m.c.i.embedder.EclipseLogger - Using platform encoding (Cp1252 actually) to copy filtered resources, i.e. build is platform dependent!
2019-11-23 14:33:16,101 [Worker-23: Building workspace] INFO  o.e.m.c.i.embedder.EclipseLogger - skip non existing resourceDirectory C:\Users\oleob\OneDrive\Documents\ISW\Kosmetics_Team\projectISW19\src\main\resources
2019-11-23 14:33:16,107 [Worker-23: Building workspace] WARN  o.e.m.c.i.embedder.EclipseLogger - Using platform encoding (Cp1252 actually) to copy filtered resources, i.e. build is platform dependent!
2019-11-23 14:33:16,112 [Worker-23: Building workspace] INFO  o.e.m.c.i.embedder.EclipseLogger - skip non existing resourceDirectory C:\Users\oleob\OneDrive\Documents\ISW\Kosmetics_Team\projectISW19\src\test\resources
2019-11-23 14:33:48,622 [Worker-27: Building workspace] WARN  o.e.m.c.i.embedder.EclipseLogger - Using platform encoding (Cp1252 actually) to copy filtered resources, i.e. build is platform dependent!
2019-11-23 14:33:48,629 [Worker-27: Building workspace] INFO  o.e.m.c.i.embedder.EclipseLogger - skip non existing resourceDirectory C:\Users\oleob\OneDrive\Documents\ISW\Kosmetics_Team\projectISW19\src\main\resources
2019-11-23 14:33:48,636 [Worker-27: Building workspace] WARN  o.e.m.c.i.embedder.EclipseLogger - Using platform encoding (Cp1252 actually) to copy filtered resources, i.e. build is platform dependent!
2019-11-23 14:33:48,642 [Worker-27: Building workspace] INFO  o.e.m.c.i.embedder.EclipseLogger - skip non existing resourceDirectory C:\Users\oleob\OneDrive\Documents\ISW\Kosmetics_Team\projectISW19\src\test\resources
2019-11-23 14:33:56,446 [Worker-27: Building workspace] WARN  o.e.m.c.i.embedder.EclipseLogger - Using platform encoding (Cp1252 actually) to copy filtered resources, i.e. build is platform dependent!
2019-11-23 14:33:56,454 [Worker-27: Building workspace] INFO  o.e.m.c.i.embedder.EclipseLogger - skip non existing resourceDirectory C:\Users\oleob\OneDrive\Documents\ISW\Kosmetics_Team\projectISW19\src\main\resources
2019-11-23 14:33:56,463 [Worker-27: Building workspace] WARN  o.e.m.c.i.embedder.EclipseLogger - Using platform encoding (Cp1252 actually) to copy filtered resources, i.e. build is platform dependent!
2019-11-23 14:33:56,471 [Worker-27: Building workspace] INFO  o.e.m.c.i.embedder.EclipseLogger - skip non existing resourceDirectory C:\Users\oleob\OneDrive\Documents\ISW\Kosmetics_Team\projectISW19\src\test\resources
2019-11-23 14:34:58,877 [Worker-23: Building workspace] WARN  o.e.m.c.i.embedder.EclipseLogger - Using platform encoding (Cp1252 actually) to copy filtered resources, i.e. build is platform dependent!
2019-11-23 14:34:58,884 [Worker-23: Building workspace] INFO  o.e.m.c.i.embedder.EclipseLogger - skip non existing resourceDirectory C:\Users\oleob\OneDrive\Documents\ISW\Kosmetics_Team\projectISW19\src\main\resources
2019-11-23 14:34:58,891 [Worker-23: Building workspace] WARN  o.e.m.c.i.embedder.EclipseLogger - Using platform encoding (Cp1252 actually) to copy filtered resources, i.e. build is platform dependent!
2019-11-23 14:34:58,897 [Worker-23: Building workspace] INFO  o.e.m.c.i.embedder.EclipseLogger - skip non existing resourceDirectory C:\Users\oleob\OneDrive\Documents\ISW\Kosmetics_Team\projectISW19\src\test\resources
2019-11-23 14:35:28,356 [Worker-24: Building workspace] WARN  o.e.m.c.i.embedder.EclipseLogger - Using platform encoding (Cp1252 actually) to copy filtered resources, i.e. build is platform dependent!
2019-11-23 14:35:28,362 [Worker-24: Building workspace] INFO  o.e.m.c.i.embedder.EclipseLogger - skip non existing resourceDirectory C:\Users\oleob\OneDrive\Documents\ISW\Kosmetics_Team\projectISW19\src\main\resources
2019-11-23 14:35:28,368 [Worker-24: Building workspace] WARN  o.e.m.c.i.embedder.EclipseLogger - Using platform encoding (Cp1252 actually) to copy filtered resources, i.e. build is platform dependent!
2019-11-23 14:35:28,374 [Worker-24: Building workspace] INFO  o.e.m.c.i.embedder.EclipseLogger - skip non existing resourceDirectory C:\Users\oleob\OneDrive\Documents\ISW\Kosmetics_Team\projectISW19\src\test\resources
2019-11-23 14:36:13,031 [Worker-26: Building workspace] WARN  o.e.m.c.i.embedder.EclipseLogger - Using platform encoding (Cp1252 actually) to copy filtered resources, i.e. build is platform dependent!
2019-11-23 14:36:13,037 [Worker-26: Building workspace] INFO  o.e.m.c.i.embedder.EclipseLogger - skip non existing resourceDirectory C:\Users\oleob\OneDrive\Documents\ISW\Kosmetics_Team\projectISW19\src\main\resources
2019-11-23 14:36:13,047 [Worker-26: Building workspace] WARN  o.e.m.c.i.embedder.EclipseLogger - Using platform encoding (Cp1252 actually) to copy filtered resources, i.e. build is platform dependent!
2019-11-23 14:36:13,053 [Worker-26: Building workspace] INFO  o.e.m.c.i.embedder.EclipseLogger - skip non existing resourceDirectory C:\Users\oleob\OneDrive\Documents\ISW\Kosmetics_Team\projectISW19\src\test\resources
2019-11-23 14:36:23,767 [Worker-27: Building workspace] WARN  o.e.m.c.i.embedder.EclipseLogger - Using platform encoding (Cp1252 actually) to copy filtered resources, i.e. build is platform dependent!
2019-11-23 14:36:23,773 [Worker-27: Building workspace] INFO  o.e.m.c.i.embedder.EclipseLogger - skip non existing resourceDirectory C:\Users\oleob\OneDrive\Documents\ISW\Kosmetics_Team\projectISW19\src\main\resources
2019-11-23 14:36:23,780 [Worker-27: Building workspace] WARN  o.e.m.c.i.embedder.EclipseLogger - Using platform encoding (Cp1252 actually) to copy filtered resources, i.e. build is platform dependent!
2019-11-23 14:36:23,786 [Worker-27: Building workspace] INFO  o.e.m.c.i.embedder.EclipseLogger - skip non existing resourceDirectory C:\Users\oleob\OneDrive\Documents\ISW\Kosmetics_Team\projectISW19\src\test\resources
2019-11-23 14:36:27,757 [Worker-24: Building workspace] WARN  o.e.m.c.i.embedder.EclipseLogger - Using platform encoding (Cp1252 actually) to copy filtered resources, i.e. build is platform dependent!
2019-11-23 14:36:27,764 [Worker-24: Building workspace] INFO  o.e.m.c.i.embedder.EclipseLogger - skip non existing resourceDirectory C:\Users\oleob\OneDrive\Documents\ISW\Kosmetics_Team\projectISW19\src\main\resources
2019-11-23 14:36:27,770 [Worker-24: Building workspace] WARN  o.e.m.c.i.embedder.EclipseLogger - Using platform encoding (Cp1252 actually) to copy filtered resources, i.e. build is platform dependent!
2019-11-23 14:36:27,775 [Worker-24: Building workspace] INFO  o.e.m.c.i.embedder.EclipseLogger - skip non existing resourceDirectory C:\Users\oleob\OneDrive\Documents\ISW\Kosmetics_Team\projectISW19\src\test\resources
2019-11-23 14:36:30,990 [Worker-30: Building workspace] WARN  o.e.m.c.i.embedder.EclipseLogger - Using platform encoding (Cp1252 actually) to copy filtered resources, i.e. build is platform dependent!
2019-11-23 14:36:30,995 [Worker-30: Building workspace] INFO  o.e.m.c.i.embedder.EclipseLogger - skip non existing resourceDirectory C:\Users\oleob\OneDrive\Documents\ISW\Kosmetics_Team\projectISW19\src\main\resources
2019-11-23 14:36:31,001 [Worker-30: Building workspace] WARN  o.e.m.c.i.embedder.EclipseLogger - Using platform encoding (Cp1252 actually) to copy filtered resources, i.e. build is platform dependent!
2019-11-23 14:36:31,007 [Worker-30: Building workspace] INFO  o.e.m.c.i.embedder.EclipseLogger - skip non existing resourceDirectory C:\Users\oleob\OneDrive\Documents\ISW\Kosmetics_Team\projectISW19\src\test\resources
2019-11-23 14:37:15,226 [Worker-24: Building workspace] WARN  o.e.m.c.i.embedder.EclipseLogger - Using platform encoding (Cp1252 actually) to copy filtered resources, i.e. build is platform dependent!
2019-11-23 14:37:15,232 [Worker-24: Building workspace] INFO  o.e.m.c.i.embedder.EclipseLogger - skip non existing resourceDirectory C:\Users\oleob\OneDrive\Documents\ISW\Kosmetics_Team\projectISW19\src\main\resources
2019-11-23 14:37:15,239 [Worker-24: Building workspace] WARN  o.e.m.c.i.embedder.EclipseLogger - Using platform encoding (Cp1252 actually) to copy filtered resources, i.e. build is platform dependent!
2019-11-23 14:37:15,252 [Worker-24: Building workspace] INFO  o.e.m.c.i.embedder.EclipseLogger - skip non existing resourceDirectory C:\Users\oleob\OneDrive\Documents\ISW\Kosmetics_Team\projectISW19\src\test\resources
2019-11-23 14:37:23,508 [Worker-23: Building workspace] WARN  o.e.m.c.i.embedder.EclipseLogger - Using platform encoding (Cp1252 actually) to copy filtered resources, i.e. build is platform dependent!
2019-11-23 14:37:23,514 [Worker-23: Building workspace] INFO  o.e.m.c.i.embedder.EclipseLogger - skip non existing resourceDirectory C:\Users\oleob\OneDrive\Documents\ISW\Kosmetics_Team\projectISW19\src\main\resources
2019-11-23 14:37:23,519 [Worker-23: Building workspace] WARN  o.e.m.c.i.embedder.EclipseLogger - Using platform encoding (Cp1252 actually) to copy filtered resources, i.e. build is platform dependent!
2019-11-23 14:37:23,526 [Worker-23: Building workspace] INFO  o.e.m.c.i.embedder.EclipseLogger - skip non existing resourceDirectory C:\Users\oleob\OneDrive\Documents\ISW\Kosmetics_Team\projectISW19\src\test\resources
2019-11-23 14:37:52,817 [Worker-28: Building workspace] WARN  o.e.m.c.i.embedder.EclipseLogger - Using platform encoding (Cp1252 actually) to copy filtered resources, i.e. build is platform dependent!
2019-11-23 14:37:52,823 [Worker-28: Building workspace] INFO  o.e.m.c.i.embedder.EclipseLogger - skip non existing resourceDirectory C:\Users\oleob\OneDrive\Documents\ISW\Kosmetics_Team\projectISW19\src\main\resources
2019-11-23 14:37:52,828 [Worker-28: Building workspace] WARN  o.e.m.c.i.embedder.EclipseLogger - Using platform encoding (Cp1252 actually) to copy filtered resources, i.e. build is platform dependent!
2019-11-23 14:37:52,834 [Worker-28: Building workspace] INFO  o.e.m.c.i.embedder.EclipseLogger - skip non existing resourceDirectory C:\Users\oleob\OneDrive\Documents\ISW\Kosmetics_Team\projectISW19\src\test\resources
2019-11-23 14:38:13,420 [Worker-27: Building workspace] WARN  o.e.m.c.i.embedder.EclipseLogger - Using platform encoding (Cp1252 actually) to copy filtered resources, i.e. build is platform dependent!
2019-11-23 14:38:13,426 [Worker-27: Building workspace] INFO  o.e.m.c.i.embedder.EclipseLogger - skip non existing resourceDirectory C:\Users\oleob\OneDrive\Documents\ISW\Kosmetics_Team\projectISW19\src\main\resources
2019-11-23 14:38:13,433 [Worker-27: Building workspace] WARN  o.e.m.c.i.embedder.EclipseLogger - Using platform encoding (Cp1252 actually) to copy filtered resources, i.e. build is platform dependent!
2019-11-23 14:38:13,440 [Worker-27: Building workspace] INFO  o.e.m.c.i.embedder.EclipseLogger - skip non existing resourceDirectory C:\Users\oleob\OneDrive\Documents\ISW\Kosmetics_Team\projectISW19\src\test\resources
2019-11-23 14:38:45,299 [Worker-28: Building workspace] WARN  o.e.m.c.i.embedder.EclipseLogger - Using platform encoding (Cp1252 actually) to copy filtered resources, i.e. build is platform dependent!
2019-11-23 14:38:45,305 [Worker-28: Building workspace] INFO  o.e.m.c.i.embedder.EclipseLogger - skip non existing resourceDirectory C:\Users\oleob\OneDrive\Documents\ISW\Kosmetics_Team\projectISW19\src\main\resources
2019-11-23 14:38:45,311 [Worker-28: Building workspace] WARN  o.e.m.c.i.embedder.EclipseLogger - Using platform encoding (Cp1252 actually) to copy filtered resources, i.e. build is platform dependent!
2019-11-23 14:38:45,317 [Worker-28: Building workspace] INFO  o.e.m.c.i.embedder.EclipseLogger - skip non existing resourceDirectory C:\Users\oleob\OneDrive\Documents\ISW\Kosmetics_Team\projectISW19\src\test\resources
2019-11-23 14:38:49,414 [Worker-23: Building workspace] WARN  o.e.m.c.i.embedder.EclipseLogger - Using platform encoding (Cp1252 actually) to copy filtered resources, i.e. build is platform dependent!
2019-11-23 14:38:49,419 [Worker-23: Building workspace] INFO  o.e.m.c.i.embedder.EclipseLogger - skip non existing resourceDirectory C:\Users\oleob\OneDrive\Documents\ISW\Kosmetics_Team\projectISW19\src\main\resources
2019-11-23 14:38:49,426 [Worker-23: Building workspace] WARN  o.e.m.c.i.embedder.EclipseLogger - Using platform encoding (Cp1252 actually) to copy filtered resources, i.e. build is platform dependent!
2019-11-23 14:38:49,432 [Worker-23: Building workspace] INFO  o.e.m.c.i.embedder.EclipseLogger - skip non existing resourceDirectory C:\Users\oleob\OneDrive\Documents\ISW\Kosmetics_Team\projectISW19\src\test\resources
2019-11-23 14:39:18,902 [Worker-24: Building workspace] WARN  o.e.m.c.i.embedder.EclipseLogger - Using platform encoding (Cp1252 actually) to copy filtered resources, i.e. build is platform dependent!
2019-11-23 14:39:18,909 [Worker-24: Building workspace] INFO  o.e.m.c.i.embedder.EclipseLogger - skip non existing resourceDirectory C:\Users\oleob\OneDrive\Documents\ISW\Kosmetics_Team\projectISW19\src\main\resources
2019-11-23 14:39:18,915 [Worker-24: Building workspace] WARN  o.e.m.c.i.embedder.EclipseLogger - Using platform encoding (Cp1252 actually) to copy filtered resources, i.e. build is platform dependent!
2019-11-23 14:39:18,921 [Worker-24: Building workspace] INFO  o.e.m.c.i.embedder.EclipseLogger - skip non existing resourceDirectory C:\Users\oleob\OneDrive\Documents\ISW\Kosmetics_Team\projectISW19\src\test\resources
2019-11-23 14:39:56,707 [Worker-28: Building workspace] WARN  o.e.m.c.i.embedder.EclipseLogger - Using platform encoding (Cp1252 actually) to copy filtered resources, i.e. build is platform dependent!
2019-11-23 14:39:56,716 [Worker-28: Building workspace] INFO  o.e.m.c.i.embedder.EclipseLogger - skip non existing resourceDirectory C:\Users\oleob\OneDrive\Documents\ISW\Kosmetics_Team\projectISW19\src\main\resources
2019-11-23 14:39:56,722 [Worker-28: Building workspace] WARN  o.e.m.c.i.embedder.EclipseLogger - Using platform encoding (Cp1252 actually) to copy filtered resources, i.e. build is platform dependent!
2019-11-23 14:39:56,728 [Worker-28: Building workspace] INFO  o.e.m.c.i.embedder.EclipseLogger - skip non existing resourceDirectory C:\Users\oleob\OneDrive\Documents\ISW\Kosmetics_Team\projectISW19\src\test\resources
2019-11-23 14:40:06,557 [Worker-26: Building workspace] WARN  o.e.m.c.i.embedder.EclipseLogger - Using platform encoding (Cp1252 actually) to copy filtered resources, i.e. build is platform dependent!
2019-11-23 14:40:06,563 [Worker-26: Building workspace] INFO  o.e.m.c.i.embedder.EclipseLogger - skip non existing resourceDirectory C:\Users\oleob\OneDrive\Documents\ISW\Kosmetics_Team\projectISW19\src\main\resources
2019-11-23 14:40:06,569 [Worker-26: Building workspace] WARN  o.e.m.c.i.embedder.EclipseLogger - Using platform encoding (Cp1252 actually) to copy filtered resources, i.e. build is platform dependent!
2019-11-23 14:40:06,575 [Worker-26: Building workspace] INFO  o.e.m.c.i.embedder.EclipseLogger - skip non existing resourceDirectory C:\Users\oleob\OneDrive\Documents\ISW\Kosmetics_Team\projectISW19\src\test\resources
2019-11-23 14:40:28,337 [Worker-26: Building workspace] WARN  o.e.m.c.i.embedder.EclipseLogger - Using platform encoding (Cp1252 actually) to copy filtered resources, i.e. build is platform dependent!
2019-11-23 14:40:28,343 [Worker-26: Building workspace] INFO  o.e.m.c.i.embedder.EclipseLogger - skip non existing resourceDirectory C:\Users\oleob\OneDrive\Documents\ISW\Kosmetics_Team\projectISW19\src\main\resources
2019-11-23 14:40:28,349 [Worker-26: Building workspace] WARN  o.e.m.c.i.embedder.EclipseLogger - Using platform encoding (Cp1252 actually) to copy filtered resources, i.e. build is platform dependent!
2019-11-23 14:40:28,355 [Worker-26: Building workspace] INFO  o.e.m.c.i.embedder.EclipseLogger - skip non existing resourceDirectory C:\Users\oleob\OneDrive\Documents\ISW\Kosmetics_Team\projectISW19\src\test\resources
2019-11-23 14:40:47,951 [Worker-24: Building workspace] WARN  o.e.m.c.i.embedder.EclipseLogger - Using platform encoding (Cp1252 actually) to copy filtered resources, i.e. build is platform dependent!
2019-11-23 14:40:47,957 [Worker-24: Building workspace] INFO  o.e.m.c.i.embedder.EclipseLogger - skip non existing resourceDirectory C:\Users\oleob\OneDrive\Documents\ISW\Kosmetics_Team\projectISW19\src\main\resources
2019-11-23 14:40:47,963 [Worker-24: Building workspace] WARN  o.e.m.c.i.embedder.EclipseLogger - Using platform encoding (Cp1252 actually) to copy filtered resources, i.e. build is platform dependent!
2019-11-23 14:40:47,969 [Worker-24: Building workspace] INFO  o.e.m.c.i.embedder.EclipseLogger - skip non existing resourceDirectory C:\Users\oleob\OneDrive\Documents\ISW\Kosmetics_Team\projectISW19\src\test\resources
2019-11-23 14:41:01,483 [Worker-30: Building workspace] WARN  o.e.m.c.i.embedder.EclipseLogger - Using platform encoding (Cp1252 actually) to copy filtered resources, i.e. build is platform dependent!
2019-11-23 14:41:01,489 [Worker-30: Building workspace] INFO  o.e.m.c.i.embedder.EclipseLogger - skip non existing resourceDirectory C:\Users\oleob\OneDrive\Documents\ISW\Kosmetics_Team\projectISW19\src\main\resources
2019-11-23 14:41:01,495 [Worker-30: Building workspace] WARN  o.e.m.c.i.embedder.EclipseLogger - Using platform encoding (Cp1252 actually) to copy filtered resources, i.e. build is platform dependent!
2019-11-23 14:41:01,506 [Worker-30: Building workspace] INFO  o.e.m.c.i.embedder.EclipseLogger - skip non existing resourceDirectory C:\Users\oleob\OneDrive\Documents\ISW\Kosmetics_Team\projectISW19\src\test\resources
2019-11-23 14:42:15,118 [Worker-27: Building workspace] WARN  o.e.m.c.i.embedder.EclipseLogger - Using platform encoding (Cp1252 actually) to copy filtered resources, i.e. build is platform dependent!
2019-11-23 14:42:15,124 [Worker-27: Building workspace] INFO  o.e.m.c.i.embedder.EclipseLogger - skip non existing resourceDirectory C:\Users\oleob\OneDrive\Documents\ISW\Kosmetics_Team\projectISW19\src\main\resources
2019-11-23 14:42:15,130 [Worker-27: Building workspace] WARN  o.e.m.c.i.embedder.EclipseLogger - Using platform encoding (Cp1252 actually) to copy filtered resources, i.e. build is platform dependent!
2019-11-23 14:42:15,136 [Worker-27: Building workspace] INFO  o.e.m.c.i.embedder.EclipseLogger - skip non existing resourceDirectory C:\Users\oleob\OneDrive\Documents\ISW\Kosmetics_Team\projectISW19\src\test\resources
2019-11-23 14:43:31,518 [Worker-0: Building workspace] WARN  o.e.m.c.i.embedder.EclipseLogger - Using platform encoding (Cp1252 actually) to copy filtered resources, i.e. build is platform dependent!
2019-11-23 14:43:31,527 [Worker-0: Building workspace] INFO  o.e.m.c.i.embedder.EclipseLogger - skip non existing resourceDirectory C:\Users\oleob\OneDrive\Documents\ISW\Kosmetics_Team\projectISW19\src\main\resources
2019-11-23 14:43:31,536 [Worker-0: Building workspace] WARN  o.e.m.c.i.embedder.EclipseLogger - Using platform encoding (Cp1252 actually) to copy filtered resources, i.e. build is platform dependent!
2019-11-23 14:43:31,544 [Worker-0: Building workspace] INFO  o.e.m.c.i.embedder.EclipseLogger - skip non existing resourceDirectory C:\Users\oleob\OneDrive\Documents\ISW\Kosmetics_Team\projectISW19\src\test\resources
2019-11-23 14:43:47,237 [Worker-24: Building workspace] WARN  o.e.m.c.i.embedder.EclipseLogger - Using platform encoding (Cp1252 actually) to copy filtered resources, i.e. build is platform dependent!
2019-11-23 14:43:47,243 [Worker-24: Building workspace] INFO  o.e.m.c.i.embedder.EclipseLogger - skip non existing resourceDirectory C:\Users\oleob\OneDrive\Documents\ISW\Kosmetics_Team\projectISW19\src\main\resources
2019-11-23 14:43:47,249 [Worker-24: Building workspace] WARN  o.e.m.c.i.embedder.EclipseLogger - Using platform encoding (Cp1252 actually) to copy filtered resources, i.e. build is platform dependent!
2019-11-23 14:43:47,256 [Worker-24: Building workspace] INFO  o.e.m.c.i.embedder.EclipseLogger - skip non existing resourceDirectory C:\Users\oleob\OneDrive\Documents\ISW\Kosmetics_Team\projectISW19\src\test\resources
2019-11-23 14:46:39,802 [Worker-30: Building workspace] WARN  o.e.m.c.i.embedder.EclipseLogger - Using platform encoding (Cp1252 actually) to copy filtered resources, i.e. build is platform dependent!
2019-11-23 14:46:39,808 [Worker-30: Building workspace] INFO  o.e.m.c.i.embedder.EclipseLogger - skip non existing resourceDirectory C:\Users\oleob\OneDrive\Documents\ISW\Kosmetics_Team\projectISW19\src\main\resources
2019-11-23 14:46:39,815 [Worker-30: Building workspace] WARN  o.e.m.c.i.embedder.EclipseLogger - Using platform encoding (Cp1252 actually) to copy filtered resources, i.e. build is platform dependent!
2019-11-23 14:46:39,821 [Worker-30: Building workspace] INFO  o.e.m.c.i.embedder.EclipseLogger - skip non existing resourceDirectory C:\Users\oleob\OneDrive\Documents\ISW\Kosmetics_Team\projectISW19\src\test\resources
2019-11-23 14:49:28,184 [Worker-27: Building workspace] WARN  o.e.m.c.i.embedder.EclipseLogger - Using platform encoding (Cp1252 actually) to copy filtered resources, i.e. build is platform dependent!
2019-11-23 14:49:28,195 [Worker-27: Building workspace] INFO  o.e.m.c.i.embedder.EclipseLogger - skip non existing resourceDirectory C:\Users\oleob\OneDrive\Documents\ISW\Kosmetics_Team\projectISW19\src\main\resources
2019-11-23 14:49:28,207 [Worker-27: Building workspace] WARN  o.e.m.c.i.embedder.EclipseLogger - Using platform encoding (Cp1252 actually) to copy filtered resources, i.e. build is platform dependent!
2019-11-23 14:49:28,222 [Worker-27: Building workspace] INFO  o.e.m.c.i.embedder.EclipseLogger - skip non existing resourceDirectory C:\Users\oleob\OneDrive\Documents\ISW\Kosmetics_Team\projectISW19\src\test\resources
2019-11-23 14:49:45,521 [Worker-26: Building workspace] WARN  o.e.m.c.i.embedder.EclipseLogger - Using platform encoding (Cp1252 actually) to copy filtered resources, i.e. build is platform dependent!
2019-11-23 14:49:45,527 [Worker-26: Building workspace] INFO  o.e.m.c.i.embedder.EclipseLogger - skip non existing resourceDirectory C:\Users\oleob\OneDrive\Documents\ISW\Kosmetics_Team\projectISW19\src\main\resources
2019-11-23 14:49:45,533 [Worker-26: Building workspace] WARN  o.e.m.c.i.embedder.EclipseLogger - Using platform encoding (Cp1252 actually) to copy filtered resources, i.e. build is platform dependent!
2019-11-23 14:49:45,540 [Worker-26: Building workspace] INFO  o.e.m.c.i.embedder.EclipseLogger - skip non existing resourceDirectory C:\Users\oleob\OneDrive\Documents\ISW\Kosmetics_Team\projectISW19\src\test\resources
2019-11-23 14:53:14,602 [Worker-23: Building workspace] WARN  o.e.m.c.i.embedder.EclipseLogger - Using platform encoding (Cp1252 actually) to copy filtered resources, i.e. build is platform dependent!
2019-11-23 14:53:14,608 [Worker-23: Building workspace] INFO  o.e.m.c.i.embedder.EclipseLogger - skip non existing resourceDirectory C:\Users\oleob\OneDrive\Documents\ISW\Kosmetics_Team\projectISW19\src\main\resources
2019-11-23 14:53:14,614 [Worker-23: Building workspace] WARN  o.e.m.c.i.embedder.EclipseLogger - Using platform encoding (Cp1252 actually) to copy filtered resources, i.e. build is platform dependent!
2019-11-23 14:53:14,620 [Worker-23: Building workspace] INFO  o.e.m.c.i.embedder.EclipseLogger - skip non existing resourceDirectory C:\Users\oleob\OneDrive\Documents\ISW\Kosmetics_Team\projectISW19\src\test\resources
2019-11-23 14:53:19,331 [Worker-31: Building workspace] WARN  o.e.m.c.i.embedder.EclipseLogger - Using platform encoding (Cp1252 actually) to copy filtered resources, i.e. build is platform dependent!
2019-11-23 14:53:19,336 [Worker-31: Building workspace] INFO  o.e.m.c.i.embedder.EclipseLogger - skip non existing resourceDirectory C:\Users\oleob\OneDrive\Documents\ISW\Kosmetics_Team\projectISW19\src\main\resources
2019-11-23 14:53:19,343 [Worker-31: Building workspace] WARN  o.e.m.c.i.embedder.EclipseLogger - Using platform encoding (Cp1252 actually) to copy filtered resources, i.e. build is platform dependent!
2019-11-23 14:53:19,348 [Worker-31: Building workspace] INFO  o.e.m.c.i.embedder.EclipseLogger - skip non existing resourceDirectory C:\Users\oleob\OneDrive\Documents\ISW\Kosmetics_Team\projectISW19\src\test\resources
2019-11-23 14:53:40,346 [Worker-27: Building workspace] WARN  o.e.m.c.i.embedder.EclipseLogger - Using platform encoding (Cp1252 actually) to copy filtered resources, i.e. build is platform dependent!
2019-11-23 14:53:40,352 [Worker-27: Building workspace] INFO  o.e.m.c.i.embedder.EclipseLogger - skip non existing resourceDirectory C:\Users\oleob\OneDrive\Documents\ISW\Kosmetics_Team\projectISW19\src\main\resources
2019-11-23 14:53:40,358 [Worker-27: Building workspace] WARN  o.e.m.c.i.embedder.EclipseLogger - Using platform encoding (Cp1252 actually) to copy filtered resources, i.e. build is platform dependent!
2019-11-23 14:53:40,365 [Worker-27: Building workspace] INFO  o.e.m.c.i.embedder.EclipseLogger - skip non existing resourceDirectory C:\Users\oleob\OneDrive\Documents\ISW\Kosmetics_Team\projectISW19\src\test\resources
2019-11-23 14:53:59,323 [Worker-27: Building workspace] WARN  o.e.m.c.i.embedder.EclipseLogger - Using platform encoding (Cp1252 actually) to copy filtered resources, i.e. build is platform dependent!
2019-11-23 14:53:59,328 [Worker-27: Building workspace] INFO  o.e.m.c.i.embedder.EclipseLogger - skip non existing resourceDirectory C:\Users\oleob\OneDrive\Documents\ISW\Kosmetics_Team\projectISW19\src\main\resources
2019-11-23 14:53:59,335 [Worker-27: Building workspace] WARN  o.e.m.c.i.embedder.EclipseLogger - Using platform encoding (Cp1252 actually) to copy filtered resources, i.e. build is platform dependent!
2019-11-23 14:53:59,340 [Worker-27: Building workspace] INFO  o.e.m.c.i.embedder.EclipseLogger - skip non existing resourceDirectory C:\Users\oleob\OneDrive\Documents\ISW\Kosmetics_Team\projectISW19\src\test\resources
2019-11-23 14:55:03,956 [Worker-27: Building workspace] WARN  o.e.m.c.i.embedder.EclipseLogger - Using platform encoding (Cp1252 actually) to copy filtered resources, i.e. build is platform dependent!
2019-11-23 14:55:03,961 [Worker-27: Building workspace] INFO  o.e.m.c.i.embedder.EclipseLogger - skip non existing resourceDirectory C:\Users\oleob\OneDrive\Documents\ISW\Kosmetics_Team\projectISW19\src\main\resources
2019-11-23 14:55:03,968 [Worker-27: Building workspace] WARN  o.e.m.c.i.embedder.EclipseLogger - Using platform encoding (Cp1252 actually) to copy filtered resources, i.e. build is platform dependent!
2019-11-23 14:55:03,973 [Worker-27: Building workspace] INFO  o.e.m.c.i.embedder.EclipseLogger - skip non existing resourceDirectory C:\Users\oleob\OneDrive\Documents\ISW\Kosmetics_Team\projectISW19\src\test\resources
2019-11-23 14:56:14,200 [Worker-23: Building workspace] WARN  o.e.m.c.i.embedder.EclipseLogger - Using platform encoding (Cp1252 actually) to copy filtered resources, i.e. build is platform dependent!
2019-11-23 14:56:14,207 [Worker-23: Building workspace] INFO  o.e.m.c.i.embedder.EclipseLogger - skip non existing resourceDirectory C:\Users\oleob\OneDrive\Documents\ISW\Kosmetics_Team\projectISW19\src\main\resources
2019-11-23 14:56:14,214 [Worker-23: Building workspace] WARN  o.e.m.c.i.embedder.EclipseLogger - Using platform encoding (Cp1252 actually) to copy filtered resources, i.e. build is platform dependent!
2019-11-23 14:56:14,221 [Worker-23: Building workspace] INFO  o.e.m.c.i.embedder.EclipseLogger - skip non existing resourceDirectory C:\Users\oleob\OneDrive\Documents\ISW\Kosmetics_Team\projectISW19\src\test\resources
2019-11-23 15:15:50,358 [Worker-0: Loading available Gradle versions] INFO  o.e.b.c.i.u.g.PublishedGradleVersions - Gradle version information cache is up-to-date. Trying to read.
2019-11-23 21:18:08,237 [Worker-3: Loading available Gradle versions] INFO  o.e.b.c.i.u.g.PublishedGradleVersions - Gradle version information cache is up-to-date. Trying to read.
2019-11-23 21:18:51,847 [Worker-10: Building workspace] WARN  o.e.m.c.i.embedder.EclipseLogger - Using platform encoding (Cp1252 actually) to copy filtered resources, i.e. build is platform dependent!
2019-11-23 21:18:51,858 [Worker-10: Building workspace] INFO  o.e.m.c.i.embedder.EclipseLogger - skip non existing resourceDirectory C:\Users\oleob\OneDrive\Documents\ISW\Kosmetics_Team\projectISW19\src\main\resources
2019-11-23 21:18:51,860 [Worker-10: Building workspace] WARN  o.e.m.c.i.embedder.EclipseLogger - Using platform encoding (Cp1252 actually) to copy filtered resources, i.e. build is platform dependent!
2019-11-23 21:18:51,866 [Worker-10: Building workspace] INFO  o.e.m.c.i.embedder.EclipseLogger - skip non existing resourceDirectory C:\Users\oleob\OneDrive\Documents\ISW\Kosmetics_Team\projectISW19\src\test\resources
2019-11-23 21:19:26,522 [Worker-15: Building workspace] WARN  o.e.m.c.i.embedder.EclipseLogger - Using platform encoding (Cp1252 actually) to copy filtered resources, i.e. build is platform dependent!
2019-11-23 21:19:26,531 [Worker-15: Building workspace] INFO  o.e.m.c.i.embedder.EclipseLogger - skip non existing resourceDirectory C:\Users\oleob\OneDrive\Documents\ISW\Kosmetics_Team\projectISW19\src\main\resources
2019-11-23 21:19:26,534 [Worker-15: Building workspace] WARN  o.e.m.c.i.embedder.EclipseLogger - Using platform encoding (Cp1252 actually) to copy filtered resources, i.e. build is platform dependent!
2019-11-23 21:19:26,547 [Worker-15: Building workspace] INFO  o.e.m.c.i.embedder.EclipseLogger - skip non existing resourceDirectory C:\Users\oleob\OneDrive\Documents\ISW\Kosmetics_Team\projectISW19\src\test\resources
2019-11-23 21:40:26,860 [Worker-28: Building workspace] WARN  o.e.m.c.i.embedder.EclipseLogger - Using platform encoding (Cp1252 actually) to copy filtered resources, i.e. build is platform dependent!
2019-11-23 21:40:26,870 [Worker-28: Building workspace] INFO  o.e.m.c.i.embedder.EclipseLogger - skip non existing resourceDirectory C:\Users\oleob\OneDrive\Documents\ISW\Kosmetics_Team\projectISW19\src\main\resources
2019-11-23 21:40:26,872 [Worker-28: Building workspace] WARN  o.e.m.c.i.embedder.EclipseLogger - Using platform encoding (Cp1252 actually) to copy filtered resources, i.e. build is platform dependent!
2019-11-23 21:40:26,880 [Worker-28: Building workspace] INFO  o.e.m.c.i.embedder.EclipseLogger - skip non existing resourceDirectory C:\Users\oleob\OneDrive\Documents\ISW\Kosmetics_Team\projectISW19\src\test\resources
2019-11-23 21:41:03,237 [Worker-28: Building workspace] WARN  o.e.m.c.i.embedder.EclipseLogger - Using platform encoding (Cp1252 actually) to copy filtered resources, i.e. build is platform dependent!
2019-11-23 21:41:03,248 [Worker-28: Building workspace] INFO  o.e.m.c.i.embedder.EclipseLogger - skip non existing resourceDirectory C:\Users\oleob\OneDrive\Documents\ISW\Kosmetics_Team\projectISW19\src\main\resources
2019-11-23 21:41:03,250 [Worker-28: Building workspace] WARN  o.e.m.c.i.embedder.EclipseLogger - Using platform encoding (Cp1252 actually) to copy filtered resources, i.e. build is platform dependent!
2019-11-23 21:41:03,271 [Worker-28: Building workspace] INFO  o.e.m.c.i.embedder.EclipseLogger - skip non existing resourceDirectory C:\Users\oleob\OneDrive\Documents\ISW\Kosmetics_Team\projectISW19\src\test\resources
2019-11-23 21:41:04,350 [Worker-31: Building workspace] WARN  o.e.m.c.i.embedder.EclipseLogger - Using platform encoding (Cp1252 actually) to copy filtered resources, i.e. build is platform dependent!
2019-11-23 21:41:04,360 [Worker-31: Building workspace] INFO  o.e.m.c.i.embedder.EclipseLogger - skip non existing resourceDirectory C:\Users\oleob\OneDrive\Documents\ISW\Kosmetics_Team\projectISW19\src\main\resources
2019-11-23 21:41:04,362 [Worker-31: Building workspace] WARN  o.e.m.c.i.embedder.EclipseLogger - Using platform encoding (Cp1252 actually) to copy filtered resources, i.e. build is platform dependent!
2019-11-23 21:41:04,380 [Worker-31: Building workspace] INFO  o.e.m.c.i.embedder.EclipseLogger - skip non existing resourceDirectory C:\Users\oleob\OneDrive\Documents\ISW\Kosmetics_Team\projectISW19\src\test\resources
2019-11-23 21:41:48,208 [Worker-27: Building workspace] WARN  o.e.m.c.i.embedder.EclipseLogger - Using platform encoding (Cp1252 actually) to copy filtered resources, i.e. build is platform dependent!
2019-11-23 21:41:48,215 [Worker-27: Building workspace] INFO  o.e.m.c.i.embedder.EclipseLogger - skip non existing resourceDirectory C:\Users\oleob\OneDrive\Documents\ISW\Kosmetics_Team\projectISW19\src\main\resources
2019-11-23 21:41:48,223 [Worker-27: Building workspace] WARN  o.e.m.c.i.embedder.EclipseLogger - Using platform encoding (Cp1252 actually) to copy filtered resources, i.e. build is platform dependent!
2019-11-23 21:41:48,231 [Worker-27: Building workspace] INFO  o.e.m.c.i.embedder.EclipseLogger - skip non existing resourceDirectory C:\Users\oleob\OneDrive\Documents\ISW\Kosmetics_Team\projectISW19\src\test\resources
2019-11-23 21:42:05,312 [Worker-25: Building workspace] WARN  o.e.m.c.i.embedder.EclipseLogger - Using platform encoding (Cp1252 actually) to copy filtered resources, i.e. build is platform dependent!
2019-11-23 21:42:05,318 [Worker-25: Building workspace] INFO  o.e.m.c.i.embedder.EclipseLogger - skip non existing resourceDirectory C:\Users\oleob\OneDrive\Documents\ISW\Kosmetics_Team\projectISW19\src\main\resources
2019-11-23 21:42:05,319 [Worker-25: Building workspace] WARN  o.e.m.c.i.embedder.EclipseLogger - Using platform encoding (Cp1252 actually) to copy filtered resources, i.e. build is platform dependent!
2019-11-23 21:42:05,331 [Worker-25: Building workspace] INFO  o.e.m.c.i.embedder.EclipseLogger - skip non existing resourceDirectory C:\Users\oleob\OneDrive\Documents\ISW\Kosmetics_Team\projectISW19\src\test\resources
2019-11-23 21:43:51,228 [Worker-5: Building workspace] WARN  o.e.m.c.i.embedder.EclipseLogger - Using platform encoding (Cp1252 actually) to copy filtered resources, i.e. build is platform dependent!
2019-11-23 21:43:51,237 [Worker-5: Building workspace] INFO  o.e.m.c.i.embedder.EclipseLogger - skip non existing resourceDirectory C:\Users\oleob\OneDrive\Documents\ISW\Kosmetics_Team\projectISW19\src\main\resources
2019-11-23 21:43:51,240 [Worker-5: Building workspace] WARN  o.e.m.c.i.embedder.EclipseLogger - Using platform encoding (Cp1252 actually) to copy filtered resources, i.e. build is platform dependent!
2019-11-23 21:43:51,247 [Worker-5: Building workspace] INFO  o.e.m.c.i.embedder.EclipseLogger - skip non existing resourceDirectory C:\Users\oleob\OneDrive\Documents\ISW\Kosmetics_Team\projectISW19\src\test\resources
2019-11-23 21:44:55,152 [Worker-13: Loading available Gradle versions] INFO  o.e.b.c.i.u.g.PublishedGradleVersions - Gradle version information cache is up-to-date. Trying to read.
